# JRE version: OpenJDK Runtime Environment (11.0.11+9) (build 11.0.11+9-b60-7590822)
# Java VM: OpenJDK 64-Bit Server VM (11.0.11+9-b60-7590822, mixed mode, tiered, compressed oops, g1 gc, windows-amd64)
Heap:
 garbage-first heap   total 338944K, used 220720K [0x0000000080000000, 0x0000000100000000)
  region size 1024K, 77 young (78848K), 4 survivors (4096K)
 Metaspace       used 131697K, capacity 136289K, committed 136400K, reserved 1167360K
  class space    used 16177K, capacity 17873K, committed 17920K, reserved 1048576K
GC Heap History (20 events):
Event: 10086.564 GC heap before
{Heap before GC invocations=141 (full 0):
 garbage-first heap   total 338944K, used 215964K [0x0000000080000000, 0x0000000100000000)
  region size 1024K, 16 young (16384K), 2 survivors (2048K)
 Metaspace       used 129421K, capacity 133227K, committed 133584K, reserved 1165312K
  class space    used 15866K, capacity 17297K, committed 17408K, reserved 1048576K
}
Event: 10086.596 GC heap after
{Heap after GC invocations=142 (full 0):
 garbage-first heap   total 338944K, used 170878K [0x0000000080000000, 0x0000000100000000)
  region size 1024K, 2 young (2048K), 2 survivors (2048K)
 Metaspace       used 129421K, capacity 133227K, committed 133584K, reserved 1165312K
  class space    used 15866K, capacity 17297K, committed 17408K, reserved 1048576K
}
Event: 10086.675 GC heap before
{Heap before GC invocations=142 (full 0):
 garbage-first heap   total 338944K, used 184190K [0x0000000080000000, 0x0000000100000000)
  region size 1024K, 16 young (16384K), 2 survivors (2048K)
 Metaspace       used 129421K, capacity 133227K, committed 133584K, reserved 1165312K
  class space    used 15866K, capacity 17297K, committed 17408K, reserved 1048576K
}
Event: 10086.697 GC heap after
{Heap after GC invocations=143 (full 0):
 garbage-first heap   total 338944K, used 137454K [0x0000000080000000, 0x0000000100000000)
  region size 1024K, 2 young (2048K), 2 survivors (2048K)
 Metaspace       used 129421K, capacity 133227K, committed 133584K, reserved 1165312K
  class space    used 15866K, capacity 17297K, committed 17408K, reserved 1048576K
}
Event: 10087.567 GC heap before
{Heap before GC invocations=143 (full 0):
 garbage-first heap   total 338944K, used 150766K [0x0000000080000000, 0x0000000100000000)
  region size 1024K, 16 young (16384K), 2 survivors (2048K)
 Metaspace       used 129424K, capacity 133227K, committed 133584K, reserved 1165312K
  class space    used 15866K, capacity 17297K, committed 17408K, reserved 1048576K
}
Event: 10087.719 GC heap after
{Heap after GC invocations=144 (full 0):
 garbage-first heap   total 338944K, used 111414K [0x0000000080000000, 0x0000000100000000)
  region size 1024K, 1 young (1024K), 1 survivors (1024K)
 Metaspace       used 129424K, capacity 133227K, committed 133584K, reserved 1165312K
  class space    used 15866K, capacity 17297K, committed 17408K, reserved 1048576K
}
Event: 10208.924 GC heap before
{Heap before GC invocations=144 (full 0):
 garbage-first heap   total 338944K, used 173878K [0x0000000080000000, 0x0000000100000000)
  region size 1024K, 52 young (53248K), 1 survivors (1024K)
 Metaspace       used 129496K, capacity 133319K, committed 133584K, reserved 1165312K
  class space    used 15870K, capacity 17304K, committed 17408K, reserved 1048576K
}
Event: 10209.079 GC heap after
{Heap after GC invocations=145 (full 0):
 garbage-first heap   total 338944K, used 119079K [0x0000000080000000, 0x0000000100000000)
  region size 1024K, 7 young (7168K), 7 survivors (7168K)
 Metaspace       used 129496K, capacity 133319K, committed 133584K, reserved 1165312K
  class space    used 15870K, capacity 17304K, committed 17408K, reserved 1048576K
}
Event: 10218.057 GC heap before
{Heap before GC invocations=145 (full 0):
 garbage-first heap   total 338944K, used 187687K [0x0000000080000000, 0x0000000100000000)
  region size 1024K, 60 young (61440K), 7 survivors (7168K)
 Metaspace       used 129538K, capacity 133361K, committed 133584K, reserved 1165312K
  class space    used 15878K, capacity 17318K, committed 17408K, reserved 1048576K
}
Event: 10218.172 GC heap after
{Heap after GC invocations=146 (full 0):
 garbage-first heap   total 338944K, used 119926K [0x0000000080000000, 0x0000000100000000)
  region size 1024K, 4 young (4096K), 4 survivors (4096K)
 Metaspace       used 129538K, capacity 133361K, committed 133584K, reserved 1165312K
  class space    used 15878K, capacity 17318K, committed 17408K, reserved 1048576K
}
Event: 10420.247 GC heap before
{Heap before GC invocations=146 (full 0):
 garbage-first heap   total 338944K, used 182390K [0x0000000080000000, 0x0000000100000000)
  region size 1024K, 58 young (59392K), 4 survivors (4096K)
 Metaspace       used 129558K, capacity 133367K, committed 133584K, reserved 1165312K
  class space    used 15878K, capacity 17319K, committed 17408K, reserved 1048576K
}
Event: 10420.374 GC heap after
{Heap after GC invocations=147 (full 0):
 garbage-first heap   total 338944K, used 117500K [0x0000000080000000, 0x0000000100000000)
  region size 1024K, 2 young (2048K), 2 survivors (2048K)
 Metaspace       used 129558K, capacity 133367K, committed 133584K, reserved 1165312K
  class space    used 15878K, capacity 17319K, committed 17408K, reserved 1048576K
}
Event: 11002.853 GC heap before
{Heap before GC invocations=147 (full 0):
 garbage-first heap   total 338944K, used 178940K [0x0000000080000000, 0x0000000100000000)
  region size 1024K, 63 young (64512K), 2 survivors (2048K)
 Metaspace       used 131189K, capacity 135861K, committed 136144K, reserved 1167360K
  class space    used 16162K, capacity 17846K, committed 17920K, reserved 1048576K
}
Event: 11002.917 GC heap after
{Heap after GC invocations=148 (full 0):
 garbage-first heap   total 338944K, used 123188K [0x0000000080000000, 0x0000000100000000)
  region size 1024K, 8 young (8192K), 8 survivors (8192K)
 Metaspace       used 131189K, capacity 135861K, committed 136144K, reserved 1167360K
  class space    used 16162K, capacity 17846K, committed 17920K, reserved 1048576K
}
Event: 11259.521 GC heap before
{Heap before GC invocations=148 (full 0):
 garbage-first heap   total 338944K, used 199988K [0x0000000080000000, 0x0000000100000000)
  region size 1024K, 82 young (83968K), 8 survivors (8192K)
 Metaspace       used 131349K, capacity 135972K, committed 136144K, reserved 1167360K
  class space    used 16168K, capacity 17857K, committed 17920K, reserved 1048576K
}
Event: 11259.642 GC heap after
{Heap after GC invocations=149 (full 0):
 garbage-first heap   total 338944K, used 132225K [0x0000000080000000, 0x0000000100000000)
  region size 1024K, 11 young (11264K), 11 survivors (11264K)
 Metaspace       used 131349K, capacity 135972K, committed 136144K, reserved 1167360K
  class space    used 16168K, capacity 17857K, committed 17920K, reserved 1048576K
}
Event: 11413.783 GC heap before
{Heap before GC invocations=149 (full 0):
 garbage-first heap   total 338944K, used 224385K [0x0000000080000000, 0x0000000100000000)
  region size 1024K, 92 young (94208K), 11 survivors (11264K)
 Metaspace       used 131595K, capacity 136179K, committed 136400K, reserved 1167360K
  class space    used 16170K, capacity 17860K, committed 17920K, reserved 1048576K
}
Event: 11413.880 GC heap after
{Heap after GC invocations=150 (full 0):
 garbage-first heap   total 338944K, used 141252K [0x0000000080000000, 0x0000000100000000)
  region size 1024K, 11 young (11264K), 11 survivors (11264K)
 Metaspace       used 131595K, capacity 136179K, committed 136400K, reserved 1167360K
  class space    used 16170K, capacity 17860K, committed 17920K, reserved 1048576K
}
Event: 11423.779 GC heap before
{Heap before GC invocations=150 (full 0):
 garbage-first heap   total 338944K, used 236484K [0x0000000080000000, 0x0000000100000000)
  region size 1024K, 90 young (92160K), 11 survivors (11264K)
 Metaspace       used 131619K, capacity 136249K, committed 136400K, reserved 1167360K
  class space    used 16170K, capacity 17861K, committed 17920K, reserved 1048576K
}
Event: 11423.807 GC heap after
{Heap after GC invocations=151 (full 0):
 garbage-first heap   total 338944K, used 139824K [0x0000000080000000, 0x0000000100000000)
  region size 1024K, 4 young (4096K), 4 survivors (4096K)
 Metaspace       used 131619K, capacity 136249K, committed 136400K, reserved 1167360K
  class space    used 16170K, capacity 17861K, committed 17920K, reserved 1048576K
}

